Processing dataset : user.jpoveda.t0616_v18.410006.PowhegPythia8EvtGen_A14_ttbar_hdamp172p5_nonallhad.DAOD_SUSY2.a766_r6264_output.root/
INFO : archiving jobOs and modules
INFO : archiving InstallArea
INFO : gathering files under /afs/cern.ch/user/o/othrif/testarea/20.1.4.10/MiniNtuple/share/
INFO : checking symbolic links
INFO : upload source files
INFO : submit
INFO : reactivation accepted. jediTaskID=6177277 (currently in done state) will be re-executed with old and/or new input
Processing dataset : user.jpoveda.t0616_v18.206620.PowhegPythia8_AU2CT10_ZZ_4mu_m4l500_50000_mll4_4pt3.DAOD_SUSY2.s2608_r6630_p2375_output.root/
INFO : archiving jobOs and modules
INFO : archiving InstallArea
INFO : gathering files under /afs/cern.ch/user/o/othrif/testarea/20.1.4.10/MiniNtuple/share/
INFO : checking symbolic links
INFO : upload source files
INFO : submit
INFO : reactivation accepted. jediTaskID=6177238 (currently in done state) will be re-executed with old and/or new input
Processing dataset : user.jpoveda.t0616_v18.187187.PowhegPythia8_AU2CT10_ZZ_2mu2nu_mll4.DAOD_SUSY2.s2608_r6630_p2375_output.root/
INFO : archiving jobOs and modules
INFO : archiving InstallArea
INFO : gathering files under /afs/cern.ch/user/o/othrif/testarea/20.1.4.10/MiniNtuple/share/
INFO : checking symbolic links
INFO : upload source files
INFO : submit
INFO : reactivation accepted. jediTaskID=6177239 (currently in done state) will be re-executed with old and/or new input
Processing dataset : user.jpoveda.t0616_v18.187186.PowhegPythia8_AU2CT10_ZZ_2e2nu_mll4.DAOD_SUSY2.s2608_r6630_p2375_output.root/
INFO : archiving jobOs and modules
INFO : archiving InstallArea
INFO : gathering files under /afs/cern.ch/user/o/othrif/testarea/20.1.4.10/MiniNtuple/share/
INFO : checking symbolic links
INFO : upload source files
INFO : submit
INFO : reactivation accepted. jediTaskID=6177240 (currently in done state) will be re-executed with old and/or new input
Processing dataset : user.jpoveda.t0616_v18.206618.PowhegPythia8_AU2CT10_ZZ_4e_m4l500_50000_mll4_4pt3.DAOD_SUSY2.s2608_r6630_p2375_output.root/
INFO : archiving jobOs and modules
INFO : archiving InstallArea
INFO : gathering files under /afs/cern.ch/user/o/othrif/testarea/20.1.4.10/MiniNtuple/share/
INFO : checking symbolic links
INFO : upload source files
INFO : submit
INFO : reactivation accepted. jediTaskID=6177241 (currently in done state) will be re-executed with old and/or new input
Processing dataset : user.jpoveda.t0616_v18.187188.PowhegPythia8_AU2CT10_ZZ_2tau2nu_mll4.DAOD_SUSY2.s2608_r6630_p2375_output.root/
INFO : archiving jobOs and modules
INFO : archiving InstallArea
INFO : gathering files under /afs/cern.ch/user/o/othrif/testarea/20.1.4.10/MiniNtuple/share/
INFO : checking symbolic links
INFO : upload source files
INFO : submit
INFO : reactivation accepted. jediTaskID=6177242 (currently in done state) will be re-executed with old and/or new input
Processing dataset : user.jpoveda.t0616_v18.187182.PowhegPythia8_AU2CT10_ZZ_2e2tau_mll4_DiLeptonFilter.DAOD_SUSY2.s2608_r6630_p2375_output.root/
INFO : archiving jobOs and modules
INFO : archiving InstallArea
INFO : gathering files under /afs/cern.ch/user/o/othrif/testarea/20.1.4.10/MiniNtuple/share/
INFO : checking symbolic links
INFO : upload source files
INFO : submit
INFO : reactivation accepted. jediTaskID=6177244 (currently in done state) will be re-executed with old and/or new input
Processing dataset : user.jpoveda.t0616_v18.206619.PowhegPythia8_AU2CT10_ZZ_2e2mu_m4l500_50000_mll4_4pt3.DAOD_SUSY2.s2608_r6630_p2375_output.root/
INFO : archiving jobOs and modules
INFO : archiving InstallArea
INFO : gathering files under /afs/cern.ch/user/o/othrif/testarea/20.1.4.10/MiniNtuple/share/
INFO : checking symbolic links
INFO : upload source files
INFO : submit
INFO : reactivation accepted. jediTaskID=6177246 (currently in done state) will be re-executed with old and/or new input
Processing dataset : user.jpoveda.t0616_v18.187181.PowhegPythia8_AU2CT10_ZZ_2e2mu_mll4_DiLeptonFilter.DAOD_SUSY2.s2608_r6630_p2375_output.root/
INFO : archiving jobOs and modules
INFO : archiving InstallArea
INFO : gathering files under /afs/cern.ch/user/o/othrif/testarea/20.1.4.10/MiniNtuple/share/
INFO : checking symbolic links
INFO : upload source files
INFO : submit
INFO : reactivation accepted. jediTaskID=6177271 (currently in done state) will be re-executed with old and/or new input
Processing dataset : user.jpoveda.t0616_v18.187185.PowhegPythia8_AU2CT10_ZZ_4tau_mll4_DiLeptonFilter.DAOD_SUSY2.s2608_r6630_p2375_output.root/
INFO : archiving jobOs and modules
INFO : archiving InstallArea
INFO : gathering files under /afs/cern.ch/user/o/othrif/testarea/20.1.4.10/MiniNtuple/share/
INFO : checking symbolic links
INFO : upload source files
INFO : submit
INFO : reactivation accepted. jediTaskID=6177272 (currently in done state) will be re-executed with old and/or new input
Processing dataset : user.jpoveda.t0616_v18.187180.PowhegPythia8_AU2CT10_ZZ_4e_mll4_DiLeptonFilter.DAOD_SUSY2.s2608_r6630_p2375_output.root/
INFO : archiving jobOs and modules
INFO : archiving InstallArea
INFO : gathering files under /afs/cern.ch/user/o/othrif/testarea/20.1.4.10/MiniNtuple/share/
INFO : checking symbolic links
INFO : upload source files
INFO : submit
INFO : reactivation accepted. jediTaskID=6177273 (currently in done state) will be re-executed with old and/or new input
Processing dataset : user.jpoveda.t0616_v18.187183.PowhegPythia8_AU2CT10_ZZ_4mu_mll4_DiLeptonFilter.DAOD_SUSY2.s2608_r6630_p2375_output.root/
INFO : archiving jobOs and modules
INFO : archiving InstallArea
INFO : gathering files under /afs/cern.ch/user/o/othrif/testarea/20.1.4.10/MiniNtuple/share/
INFO : checking symbolic links
INFO : upload source files
INFO : submit
INFO : reactivation accepted. jediTaskID=6177274 (currently in done state) will be re-executed with old and/or new input
Processing dataset : user.jpoveda.t0616_v18.187184.PowhegPythia8_AU2CT10_ZZ_2mu2tau_mll4_DiLeptonFilter.DAOD_SUSY2.s2608_r6630_p2375_output.root/
INFO : archiving jobOs and modules
INFO : archiving InstallArea
INFO : gathering files under /afs/cern.ch/user/o/othrif/testarea/20.1.4.10/MiniNtuple/share/
INFO : checking symbolic links
INFO : upload source files
INFO : submit
INFO : reactivation accepted. jediTaskID=6177275 (currently in done state) will be re-executed with old and/or new input
Processing dataset : user.jpoveda.t0616_v18.301893.Sherpa_CT10_munugammaPt35_70.DAOD_SUSY2.s2608_r6630_p2375_output.root/
INFO : archiving jobOs and modules
INFO : archiving InstallArea
INFO : gathering files under /afs/cern.ch/user/o/othrif/testarea/20.1.4.10/MiniNtuple/share/
INFO : checking symbolic links
INFO : upload source files
INFO : submit
INFO : reactivation accepted. jediTaskID=6177301 (currently in done state) will be re-executed with old and/or new input
Processing dataset : user.jpoveda.t0616_v18.301892.Sherpa_CT10_enugammaPt140.DAOD_SUSY2.s2608_r6793_p2375_output.root/
INFO : archiving jobOs and modules
INFO : archiving InstallArea
INFO : gathering files under /afs/cern.ch/user/o/othrif/testarea/20.1.4.10/MiniNtuple/share/
INFO : checking symbolic links
INFO : upload source files
INFO : submit
INFO : reactivation accepted. jediTaskID=6177302 (currently in done state) will be re-executed with old and/or new input
Processing dataset : user.jpoveda.t0616_v18.301891.Sherpa_CT10_enugammaPt70_140.DAOD_SUSY2.s2608_r6793_p2375_output.root/
INFO : archiving jobOs and modules
INFO : archiving InstallArea
INFO : gathering files under /afs/cern.ch/user/o/othrif/testarea/20.1.4.10/MiniNtuple/share/
INFO : checking symbolic links
INFO : upload source files
INFO : submit
INFO : reactivation accepted. jediTaskID=6177303 (currently in done state) will be re-executed with old and/or new input
Processing dataset : user.jpoveda.t0616_v18.301896.Sherpa_CT10_taunugammaPt35_70.DAOD_SUSY2.s2608_r6793_p2375_output.root/
INFO : archiving jobOs and modules
INFO : archiving InstallArea
INFO : gathering files under /afs/cern.ch/user/o/othrif/testarea/20.1.4.10/MiniNtuple/share/
INFO : checking symbolic links
INFO : upload source files
INFO : submit
INFO : reactivation accepted. jediTaskID=6177305 (currently in done state) will be re-executed with old and/or new input
Processing dataset : user.jpoveda.t0616_v18.301894.Sherpa_CT10_munugammaPt70_140.DAOD_SUSY2.s2608_r6630_p2375_output.root/
INFO : archiving jobOs and modules
INFO : archiving InstallArea
INFO : gathering files under /afs/cern.ch/user/o/othrif/testarea/20.1.4.10/MiniNtuple/share/
INFO : checking symbolic links
INFO : upload source files
INFO : submit
INFO : reactivation accepted. jediTaskID=6177306 (currently in done state) will be re-executed with old and/or new input
Processing dataset : user.jpoveda.t0616_v18.301895.Sherpa_CT10_munugammaPt140.DAOD_SUSY2.s2608_r6630_p2375_output.root/
INFO : archiving jobOs and modules
INFO : archiving InstallArea
INFO : gathering files under /afs/cern.ch/user/o/othrif/testarea/20.1.4.10/MiniNtuple/share/
INFO : checking symbolic links
INFO : upload source files
INFO : submit
INFO : reactivation accepted. jediTaskID=6177307 (currently in done state) will be re-executed with old and/or new input
Processing dataset : user.jpoveda.t0616_v18.301897.Sherpa_CT10_taunugammaPt70_140.DAOD_SUSY2.s2608_r6793_p2375_output.root/
INFO : archiving jobOs and modules
INFO : archiving InstallArea
INFO : gathering files under /afs/cern.ch/user/o/othrif/testarea/20.1.4.10/MiniNtuple/share/
INFO : checking symbolic links
INFO : upload source files
INFO : submit
INFO : reactivation accepted. jediTaskID=6177308 (currently in done state) will be re-executed with old and/or new input
Processing dataset : user.jpoveda.t0616_v18.301898.Sherpa_CT10_taunugammaPt140.DAOD_SUSY2.s2608_r6793_p2375_output.root/
INFO : archiving jobOs and modules
INFO : archiving InstallArea
INFO : gathering files under /afs/cern.ch/user/o/othrif/testarea/20.1.4.10/MiniNtuple/share/
INFO : checking symbolic links
INFO : upload source files
INFO : submit
INFO : reactivation accepted. jediTaskID=6177309 (currently in done state) will be re-executed with old and/or new input
Processing dataset : user.jpoveda.t0616_v18.361106.PowhegPythia8EvtGen_AZNLOCTEQ6L1_Zee.DAOD_SUSY2.s2576_r6630_p2375_output.root/
INFO : archiving jobOs and modules
INFO : archiving InstallArea
INFO : gathering files under /afs/cern.ch/user/o/othrif/testarea/20.1.4.10/MiniNtuple/share/
INFO : checking symbolic links
INFO : upload source files
INFO : submit
INFO : reactivation accepted. jediTaskID=6177281 (currently in done state) will be re-executed with old and/or new input
Processing dataset : user.jpoveda.t0616_v18.361107.PowhegPythia8EvtGen_AZNLOCTEQ6L1_Zmumu.DAOD_SUSY2.s2576_r6630_p2375_output.root/
INFO : archiving jobOs and modules
INFO : archiving InstallArea
INFO : gathering files under /afs/cern.ch/user/o/othrif/testarea/20.1.4.10/MiniNtuple/share/
INFO : checking symbolic links
INFO : upload source files
INFO : submit
INFO : reactivation accepted. jediTaskID=6177282 (currently in done state) will be re-executed with old and/or new input
Processing dataset : user.jpoveda.t0616_v18.361108.PowhegPythia8EvtGen_AZNLOCTEQ6L1_Ztautau.DAOD_SUSY2.s2576_r6630_p2375_output.root/
INFO : archiving jobOs and modules
INFO : archiving InstallArea
INFO : gathering files under /afs/cern.ch/user/o/othrif/testarea/20.1.4.10/MiniNtuple/share/
INFO : checking symbolic links
INFO : upload source files
INFO : submit
INFO : reactivation accepted. jediTaskID=6177283 (currently in done state) will be re-executed with old and/or new input
Processing dataset : user.jpoveda.t0616_v18.361102.PowhegPythia8EvtGen_AZNLOCTEQ6L1_Wplustaunu.DAOD_SUSY2.s2576_r6630_p2375_output.root/
INFO : archiving jobOs and modules
INFO : archiving InstallArea
INFO : gathering files under /afs/cern.ch/user/o/othrif/testarea/20.1.4.10/MiniNtuple/share/
INFO : checking symbolic links
INFO : upload source files
INFO : submit
INFO : reactivation accepted. jediTaskID=6177284 (currently in done state) will be re-executed with old and/or new input
Processing dataset : user.jpoveda.t0616_v18.361105.PowhegPythia8EvtGen_AZNLOCTEQ6L1_Wminustaunu.DAOD_SUSY2.s2576_r6630_p2375_output.root/
INFO : archiving jobOs and modules
INFO : archiving InstallArea
INFO : gathering files under /afs/cern.ch/user/o/othrif/testarea/20.1.4.10/MiniNtuple/share/
INFO : checking symbolic links
INFO : upload source files
INFO : submit
INFO : reactivation accepted. jediTaskID=6177285 (currently in done state) will be re-executed with old and/or new input
Processing dataset : user.jpoveda.t0616_v18.361101.PowhegPythia8EvtGen_AZNLOCTEQ6L1_Wplusmunu.DAOD_SUSY2.s2576_r6630_p2375_output.root/
INFO : archiving jobOs and modules
INFO : archiving InstallArea
INFO : gathering files under /afs/cern.ch/user/o/othrif/testarea/20.1.4.10/MiniNtuple/share/
INFO : checking symbolic links
INFO : upload source files
INFO : submit
INFO : reactivation accepted. jediTaskID=6177286 (currently in done state) will be re-executed with old and/or new input
Processing dataset : user.jpoveda.t0616_v18.361104.PowhegPythia8EvtGen_AZNLOCTEQ6L1_Wminusmunu.DAOD_SUSY2.s2576_r6630_p2375_output.root/
INFO : archiving jobOs and modules
INFO : archiving InstallArea
INFO : gathering files under /afs/cern.ch/user/o/othrif/testarea/20.1.4.10/MiniNtuple/share/
INFO : checking symbolic links
INFO : upload source files
INFO : submit
INFO : reactivation accepted. jediTaskID=6177288 (currently in done state) will be re-executed with old and/or new input
Processing dataset : user.jpoveda.t0616_v18.361100.PowhegPythia8EvtGen_AZNLOCTEQ6L1_Wplusenu.DAOD_SUSY2.s2576_r6630_p2375_output.root/
INFO : archiving jobOs and modules
INFO : archiving InstallArea
INFO : gathering files under /afs/cern.ch/user/o/othrif/testarea/20.1.4.10/MiniNtuple/share/
INFO : checking symbolic links
INFO : upload source files
INFO : submit
INFO : reactivation accepted. jediTaskID=6177290 (currently in done state) will be re-executed with old and/or new input
Processing dataset : user.jpoveda.t0616_v18.361103.PowhegPythia8EvtGen_AZNLOCTEQ6L1_Wminusenu.DAOD_SUSY2.s2576_r6630_p2375_output.root/
INFO : archiving jobOs and modules
INFO : archiving InstallArea
INFO : gathering files under /afs/cern.ch/user/o/othrif/testarea/20.1.4.10/MiniNtuple/share/
INFO : checking symbolic links
INFO : upload source files
INFO : submit
INFO : reactivation accepted. jediTaskID=6177310 (currently in done state) will be re-executed with old and/or new input
Processing dataset : user.jpoveda.t0616_v18.361073.Sherpa_CT10_ggllll.DAOD_SUSY2.s2608_r6793_p2375_output.root/
INFO : archiving jobOs and modules
INFO : archiving InstallArea
INFO : gathering files under /afs/cern.ch/user/o/othrif/testarea/20.1.4.10/MiniNtuple/share/
INFO : checking symbolic links
INFO : upload source files
INFO : submit
INFO : reactivation accepted. jediTaskID=6177292 (currently in done state) will be re-executed with old and/or new input
Processing dataset : user.jpoveda.t0616_v18.361077.Sherpa_CT10_ggllvv.DAOD_SUSY2.s2608_r6793_p2375_output.root/
INFO : archiving jobOs and modules
INFO : archiving InstallArea
INFO : gathering files under /afs/cern.ch/user/o/othrif/testarea/20.1.4.10/MiniNtuple/share/
INFO : checking symbolic links
INFO : upload source files
INFO : submit
INFO : reactivation accepted. jediTaskID=6177294 (currently in done state) will be re-executed with old and/or new input
Processing dataset : user.jpoveda.t0616_v18.361064.Sherpa_CT10_lllvSFMinus.DAOD_SUSY2.s2608_r6793_p2375_output.root/
INFO : archiving jobOs and modules
INFO : archiving InstallArea
INFO : gathering files under /afs/cern.ch/user/o/othrif/testarea/20.1.4.10/MiniNtuple/share/
INFO : checking symbolic links
INFO : upload source files
INFO : submit
INFO : reactivation accepted. jediTaskID=6177287 (currently in done state) will be re-executed with old and/or new input
Processing dataset : user.jpoveda.t0616_v18.361065.Sherpa_CT10_lllvOFMinus.DAOD_SUSY2.s2608_r6793_p2375_output.root/
INFO : archiving jobOs and modules
INFO : archiving InstallArea
INFO : gathering files under /afs/cern.ch/user/o/othrif/testarea/20.1.4.10/MiniNtuple/share/
INFO : checking symbolic links
INFO : upload source files
INFO : submit
INFO : reactivation accepted. jediTaskID=6177289 (currently in done state) will be re-executed with old and/or new input
Processing dataset : user.jpoveda.t0616_v18.361072.Sherpa_CT10_lllljj_EW6.DAOD_SUSY2.s2608_r6793_p2375_output.root/
INFO : archiving jobOs and modules
INFO : archiving InstallArea
INFO : gathering files under /afs/cern.ch/user/o/othrif/testarea/20.1.4.10/MiniNtuple/share/
INFO : checking symbolic links
INFO : upload source files
INFO : submit
INFO : reactivation accepted. jediTaskID=6177291 (currently in done state) will be re-executed with old and/or new input
Processing dataset : user.jpoveda.t0616_v18.361067.Sherpa_CT10_lllvOFPlus.DAOD_SUSY2.s2608_r6793_p2375_output.root/
INFO : archiving jobOs and modules
INFO : archiving InstallArea
INFO : gathering files under /afs/cern.ch/user/o/othrif/testarea/20.1.4.10/MiniNtuple/share/
INFO : checking symbolic links
INFO : upload source files
INFO : submit
INFO : reactivation accepted. jediTaskID=6177293 (currently in done state) will be re-executed with old and/or new input
Processing dataset : user.jpoveda.t0616_v18.361069.Sherpa_CT10_llvvjj_ss_EW4.DAOD_SUSY2.s2608_r6793_p2375_output.root/
INFO : archiving jobOs and modules
INFO : archiving InstallArea
INFO : gathering files under /afs/cern.ch/user/o/othrif/testarea/20.1.4.10/MiniNtuple/share/
INFO : checking symbolic links
INFO : upload source files
INFO : submit
INFO : reactivation accepted. jediTaskID=6177295 (currently in done state) will be re-executed with old and/or new input
Processing dataset : user.jpoveda.t0616_v18.361068.Sherpa_CT10_llvv.DAOD_SUSY2.s2608_r6793_p2375_output.root/
INFO : archiving jobOs and modules
INFO : archiving InstallArea
INFO : gathering files under /afs/cern.ch/user/o/othrif/testarea/20.1.4.10/MiniNtuple/share/
INFO : checking symbolic links
INFO : upload source files
INFO : submit
INFO : reactivation accepted. jediTaskID=6177296 (currently in done state) will be re-executed with old and/or new input
Processing dataset : user.jpoveda.t0616_v18.361071.Sherpa_CT10_lllvjj_EW6.DAOD_SUSY2.s2608_r6793_p2375_output.root/
INFO : archiving jobOs and modules
INFO : archiving InstallArea
INFO : gathering files under /afs/cern.ch/user/o/othrif/testarea/20.1.4.10/MiniNtuple/share/
INFO : checking symbolic links
INFO : upload source files
INFO : submit
INFO : reactivation accepted. jediTaskID=6177297 (currently in done state) will be re-executed with old and/or new input
Processing dataset : user.jpoveda.t0616_v18.361070.Sherpa_CT10_llvvjj_ss_EW6.DAOD_SUSY2.s2608_r6793_p2375_output.root/
INFO : archiving jobOs and modules
INFO : archiving InstallArea
INFO : gathering files under /afs/cern.ch/user/o/othrif/testarea/20.1.4.10/MiniNtuple/share/
INFO : checking symbolic links
INFO : upload source files
INFO : submit
INFO : reactivation accepted. jediTaskID=6177298 (currently in done state) will be re-executed with old and/or new input
Processing dataset : user.jpoveda.t0616_v18.361066.Sherpa_CT10_lllvSFPlus.DAOD_SUSY2.s2608_r6793_p2375_output.root/
INFO : archiving jobOs and modules
INFO : archiving InstallArea
INFO : gathering files under /afs/cern.ch/user/o/othrif/testarea/20.1.4.10/MiniNtuple/share/
INFO : checking symbolic links
INFO : upload source files
INFO : submit
INFO : reactivation accepted. jediTaskID=6177299 (currently in done state) will be re-executed with old and/or new input
Processing dataset : user.jpoveda.t0616_v18.361063.Sherpa_CT10_llll.DAOD_SUSY2.s2608_r6793_p2375_output.root/
INFO : archiving jobOs and modules
INFO : archiving InstallArea
INFO : gathering files under /afs/cern.ch/user/o/othrif/testarea/20.1.4.10/MiniNtuple/share/
INFO : checking symbolic links
INFO : upload source files
INFO : submit
INFO : reactivation accepted. jediTaskID=6177300 (currently in done state) will be re-executed with old and/or new input
Processing dataset : user.jpoveda.t0616_v18.341177.aMcAtNloHerwigppEvtGen_UEEE5_CTEQ6L1_CT10ME_ttH125_inc.DAOD_SUSY2.s2608_r6630_p2375_output.root/
INFO : archiving jobOs and modules
INFO : archiving InstallArea
INFO : gathering files under /afs/cern.ch/user/o/othrif/testarea/20.1.4.10/MiniNtuple/share/
INFO : checking symbolic links
INFO : upload source files
INFO : submit
INFO : reactivation accepted. jediTaskID=6177237 (currently in done state) will be re-executed with old and/or new input
Processing dataset : user.jpoveda.t0616_v18.410066.MadGraphPythia8EvtGen_A14NNPDF23LO_ttW_Np0.DAOD_SUSY2.s2608_r6793_p2375_output.root/
INFO : archiving jobOs and modules
INFO : archiving InstallArea
INFO : gathering files under /afs/cern.ch/user/o/othrif/testarea/20.1.4.10/MiniNtuple/share/
INFO : checking symbolic links
INFO : upload source files
INFO : submit
INFO : succeeded. new jediTaskID=6241776
Processing dataset : user.jpoveda.t0616_v18.410068.MadGraphPythia8EvtGen_A14NNPDF23LO_ttW_Np2.DAOD_SUSY2.s2608_r6793_p2375_output.root/
INFO : archiving jobOs and modules
INFO : archiving InstallArea
INFO : gathering files under /afs/cern.ch/user/o/othrif/testarea/20.1.4.10/MiniNtuple/share/
INFO : checking symbolic links
INFO : upload source files
INFO : submit
INFO : succeeded. new jediTaskID=6241780
Processing dataset : user.jpoveda.t0616_v18.410067.MadGraphPythia8EvtGen_A14NNPDF23LO_ttW_Np1.DAOD_SUSY2.s2608_r6793_p2375_output.root/
INFO : archiving jobOs and modules
INFO : archiving InstallArea
INFO : gathering files under /afs/cern.ch/user/o/othrif/testarea/20.1.4.10/MiniNtuple/share/
INFO : checking symbolic links
INFO : upload source files
INFO : submit
INFO : succeeded. new jediTaskID=6241782
Processing dataset : user.jpoveda.t0616_v18.410069.MadGraphPythia8EvtGen_A14NNPDF23LO_ttZllonshell_Np0.DAOD_SUSY2.s2608_r6793_p2375_output.root/
INFO : archiving jobOs and modules
INFO : archiving InstallArea
INFO : gathering files under /afs/cern.ch/user/o/othrif/testarea/20.1.4.10/MiniNtuple/share/
INFO : checking symbolic links
INFO : upload source files
INFO : submit
INFO : succeeded. new jediTaskID=6241785
Processing dataset : user.jpoveda.t0616_v18.410070.MadGraphPythia8EvtGen_A14NNPDF23LO_ttZllonshell_Np1.DAOD_SUSY2.s2608_r6793_p2375_output.root/
INFO : archiving jobOs and modules
INFO : archiving InstallArea
INFO : gathering files under /afs/cern.ch/user/o/othrif/testarea/20.1.4.10/MiniNtuple/share/
INFO : checking symbolic links
INFO : upload source files
INFO : submit
INFO : succeeded. new jediTaskID=6241793
Processing dataset : user.jpoveda.t0616_v18.410081.MadGraphPythia8EvtGen_A14NNPDF23_ttbarWW.DAOD_SUSY2.s2608_r6793_p2375_output.root/
INFO : archiving jobOs and modules
INFO : archiving InstallArea
INFO : gathering files under /afs/cern.ch/user/o/othrif/testarea/20.1.4.10/MiniNtuple/share/
INFO : checking symbolic links
INFO : upload source files
INFO : submit
INFO : succeeded. new jediTaskID=6241805
Processing dataset : user.jpoveda.t0616_v18.410000.PowhegPythiaEvtGen_P2012_ttbar_hdamp172p5_nonallhad.DAOD_SUSY2.s2608_r6630_p2375_output.root/
INFO : archiving jobOs and modules
INFO : archiving InstallArea
INFO : gathering files under /afs/cern.ch/user/o/othrif/testarea/20.1.4.10/MiniNtuple/share/
INFO : checking symbolic links
INFO : upload source files
INFO : submit
INFO : reactivation accepted. jediTaskID=6177276 (currently in done state) will be re-executed with old and/or new input
Processing dataset : user.jpoveda.t0616_v18.410006.PowhegPythia8EvtGen_A14_ttbar_hdamp172p5_nonallhad.DAOD_SUSY2.a766_r6264_output.root/
INFO : archiving jobOs and modules
INFO : archiving InstallArea
INFO : gathering files under /afs/cern.ch/user/o/othrif/testarea/20.1.4.10/MiniNtuple/share/
INFO : checking symbolic links
INFO : upload source files
INFO : submit
INFO : reactivation accepted. jediTaskID=6177277 (currently in done state) will be re-executed with old and/or new input
Processing dataset : user.jpoveda.t0616_v18.410004.PowhegHerwigppEvtGen_UEEE5_ttbar_hdamp172p5_nonallhad.DAOD_SUSY2.a766_r6264_output.root/
INFO : archiving jobOs and modules
INFO : archiving InstallArea
INFO : gathering files under /afs/cern.ch/user/o/othrif/testarea/20.1.4.10/MiniNtuple/share/
INFO : checking symbolic links
INFO : upload source files
INFO : submit
INFO : reactivation accepted. jediTaskID=6177278 (currently in done state) will be re-executed with old and/or new input
Processing dataset : user.jpoveda.t0616_v18.341447.Pythia8EvtGen_A14NNPDF23LO_WH125_Zllgam.DAOD_SUSY2.s2608_r6630_p2375_output.root/
INFO : archiving jobOs and modules
INFO : archiving InstallArea
INFO : gathering files under /afs/cern.ch/user/o/othrif/testarea/20.1.4.10/MiniNtuple/share/
INFO : checking symbolic links
INFO : upload source files
INFO : submit
INFO : reactivation accepted. jediTaskID=6177243 (currently in done state) will be re-executed with old and/or new input
Processing dataset : user.jpoveda.t0616_v18.341463.Pythia8EvtGen_A14NNPDF23LO_ZH125_Zllgam.DAOD_SUSY2.s2608_r6630_p2375_output.root/
INFO : archiving jobOs and modules
INFO : archiving InstallArea
INFO : gathering files under /afs/cern.ch/user/o/othrif/testarea/20.1.4.10/MiniNtuple/share/
INFO : checking symbolic links
INFO : upload source files
INFO : submit
INFO : reactivation accepted. jediTaskID=6177245 (currently in done state) will be re-executed with old and/or new input
